<?xml version="1.0" encoding="UTF-8"?>
<robot generator="Robot 7.3.1 (Python 3.12.3 on linux)" generated="2025-06-18T10:40:29.649672" rpa="false" schemaversion="5">
<suite id="s1" name="Teste" source="/home/michelle/mobile/app/teste.robot">
<test id="s1-t1" name="Cenário 1 - Realizar login com sucesso" line="19">
<kw name="Abrir Aplicativo">
<kw name="Open Application" owner="AppiumLibrary">
<arg>http://localhost:4723</arg>
<arg>automationName=UiAutomator2</arg>
<arg>platformName=Android</arg>
<arg>deviceName=Android Emulator</arg>
<arg>app=${EXECDIR}/qazandofood.apk</arg>
<arg>udid=emulator-5554</arg>
<doc>Opens a new application to given Appium server.
Capabilities of appium server, Android and iOS,
Please check https://appium.io/docs/en/2.1/cli/args/
| *Option*            | *Man.* | *Description*     |
| remote_url          | Yes    | Appium server url |
| alias               | no     | alias             |
| strict_ssl          | No     | allows you to send commands to an invalid certificate host like a self-signed one. |</doc>
<status status="PASS" start="2025-06-18T10:40:29.895565" elapsed="5.558366"/>
</kw>
<status status="PASS" start="2025-06-18T10:40:29.894010" elapsed="5.560347"/>
</kw>
<kw name="Sleep" owner="BuiltIn">
<msg time="2025-06-18T10:40:38.455746" level="INFO">Slept 3 seconds.</msg>
<arg>3s</arg>
<doc>Pauses the test executed for the given time.</doc>
<status status="PASS" start="2025-06-18T10:40:35.454961" elapsed="3.001226"/>
</kw>
<kw name="Efetuar login">
<kw name="Input Text" owner="AppiumLibrary">
<msg time="2025-06-18T10:40:38.460641" level="INFO">Typing text 'teste@teste.com' into text field 'accessibility_id=email'</msg>
<arg>accessibility_id=email</arg>
<arg>teste@teste.com</arg>
<doc>Types the given `text` into text field identified by `locator`.</doc>
<status status="PASS" start="2025-06-18T10:40:38.457690" elapsed="1.435000"/>
</kw>
<kw name="Input Text" owner="AppiumLibrary">
<msg time="2025-06-18T10:40:39.894475" level="INFO">Typing text '123456' into text field 'accessibility_id=password'</msg>
<arg>accessibility_id=password</arg>
<arg>123456</arg>
<doc>Types the given `text` into text field identified by `locator`.</doc>
<status status="PASS" start="2025-06-18T10:40:39.892963" elapsed="1.018110"/>
</kw>
<kw name="Click Element" owner="AppiumLibrary">
<msg time="2025-06-18T10:40:40.913399" level="INFO">Clicking element 'accessibility_id=login-button'.</msg>
<arg>accessibility_id=login-button</arg>
<doc>Click element identified by `locator`.</doc>
<status status="PASS" start="2025-06-18T10:40:40.911436" elapsed="0.707715"/>
</kw>
<status status="PASS" start="2025-06-18T10:40:38.456990" elapsed="3.162475"/>
</kw>
<status status="PASS" start="2025-06-18T10:40:29.892554" elapsed="11.727400"/>
</test>
<test id="s1-t2" name="Cenário 2 - Realizar login com sucesso 2" line="24">
<kw name="Abrir Aplicativo">
<kw name="Open Application" owner="AppiumLibrary">
<arg>http://localhost:4723</arg>
<arg>automationName=UiAutomator2</arg>
<arg>platformName=Android</arg>
<arg>deviceName=Android Emulator</arg>
<arg>app=${EXECDIR}/qazandofood.apk</arg>
<arg>udid=emulator-5554</arg>
<doc>Opens a new application to given Appium server.
Capabilities of appium server, Android and iOS,
Please check https://appium.io/docs/en/2.1/cli/args/
| *Option*            | *Man.* | *Description*     |
| remote_url          | Yes    | Appium server url |
| alias               | no     | alias             |
| strict_ssl          | No     | allows you to send commands to an invalid certificate host like a self-signed one. |</doc>
<status status="PASS" start="2025-06-18T10:40:41.622558" elapsed="8.448092"/>
</kw>
<status status="PASS" start="2025-06-18T10:40:41.621860" elapsed="8.449119"/>
</kw>
<kw name="Sleep" owner="BuiltIn">
<msg time="2025-06-18T10:40:53.072227" level="INFO">Slept 3 seconds.</msg>
<arg>3s</arg>
<doc>Pauses the test executed for the given time.</doc>
<status status="PASS" start="2025-06-18T10:40:50.071617" elapsed="3.000796"/>
</kw>
<kw name="Efetuar login">
<kw name="Input Text" owner="AppiumLibrary">
<msg time="2025-06-18T10:40:53.074469" level="INFO">Typing text 'teste@teste.com' into text field 'accessibility_id=email'</msg>
<arg>accessibility_id=email</arg>
<arg>teste@teste.com</arg>
<doc>Types the given `text` into text field identified by `locator`.</doc>
<status status="PASS" start="2025-06-18T10:40:53.073252" elapsed="0.769406"/>
</kw>
<kw name="Input Text" owner="AppiumLibrary">
<msg time="2025-06-18T10:40:53.845515" level="INFO">Typing text '123456' into text field 'accessibility_id=password'</msg>
<arg>accessibility_id=password</arg>
<arg>123456</arg>
<doc>Types the given `text` into text field identified by `locator`.</doc>
<status status="PASS" start="2025-06-18T10:40:53.843129" elapsed="1.069570"/>
</kw>
<kw name="Click Element" owner="AppiumLibrary">
<msg time="2025-06-18T10:40:54.914810" level="INFO">Clicking element 'accessibility_id=login-button'.</msg>
<arg>accessibility_id=login-button</arg>
<doc>Click element identified by `locator`.</doc>
<status status="PASS" start="2025-06-18T10:40:54.913053" elapsed="0.638653"/>
</kw>
<status status="PASS" start="2025-06-18T10:40:53.072834" elapsed="2.479092"/>
</kw>
<status status="PASS" start="2025-06-18T10:40:41.620764" elapsed="13.931548"/>
</test>
<status status="PASS" start="2025-06-18T10:40:29.651673" elapsed="25.901567"/>
</suite>
<statistics>
<total>
<stat pass="2" fail="0" skip="0">All Tests</stat>
</total>
<tag>
</tag>
<suite>
<stat name="Teste" id="s1" pass="2" fail="0" skip="0">Teste</stat>
</suite>
</statistics>
<errors>
</errors>
</robot>
